<?xml version="1.0"?>
<!DOCTYPE coverage SYSTEM "http://cobertura.sourceforge.net/xml/coverage-04.dtd">
<coverage line-rate="0.4400000000000000" branch-rate="1.0000000000000000" lines-covered="22" lines-valid="50" branches-covered="0" branches-valid="0" complexity="0.0" timestamp="1584111261" version="Slather 2.4.7">
  <sources>
    <source>/Users/Zedd/Desktop/SonarQubeFinal</source>
  </sources>
  <packages>
    <package name="SonarQubeFinal" line-rate="0.4400000000000000" branch-rate="1.0000000000000000" complexity="0.0">
      <classes>
        <class name="AppDelegate" filename="SonarQubeFinal/AppDelegate.swift" line-rate="0.2857142857142857" branch-rate="1.0000000000000000" complexity="0.0">
          <methods/>
          <lines>
            <line number="16" branch="false" hits="8"/>
            <line number="17" branch="false" hits="8"/>
            <line number="18" branch="false" hits="8"/>
            <line number="19" branch="false" hits="8"/>
            <line number="23" branch="false" hits="0"/>
            <line number="24" branch="false" hits="0"/>
            <line number="25" branch="false" hits="0"/>
            <line number="26" branch="false" hits="0"/>
            <line number="27" branch="false" hits="0"/>
            <line number="29" branch="false" hits="0"/>
            <line number="30" branch="false" hits="0"/>
            <line number="31" branch="false" hits="0"/>
            <line number="32" branch="false" hits="0"/>
            <line number="33" branch="false" hits="0"/>
          </lines>
        </class>
        <class name="SceneDelegate" filename="SonarQubeFinal/SceneDelegate.swift" line-rate="0.4827586206896552" branch-rate="1.0000000000000000" complexity="0.0">
          <methods/>
          <lines>
            <line number="16" branch="false" hits="8"/>
            <line number="17" branch="false" hits="8"/>
            <line number="18" branch="false" hits="8"/>
            <line number="19" branch="false" hits="8"/>
            <line number="20" branch="false" hits="8"/>
            <line number="21" branch="false" hits="8"/>
            <line number="23" branch="false" hits="0"/>
            <line number="24" branch="false" hits="0"/>
            <line number="25" branch="false" hits="0"/>
            <line number="26" branch="false" hits="0"/>
            <line number="27" branch="false" hits="0"/>
            <line number="28" branch="false" hits="0"/>
            <line number="30" branch="false" hits="8"/>
            <line number="31" branch="false" hits="8"/>
            <line number="32" branch="false" hits="8"/>
            <line number="33" branch="false" hits="8"/>
            <line number="35" branch="false" hits="0"/>
            <line number="36" branch="false" hits="0"/>
            <line number="37" branch="false" hits="0"/>
            <line number="38" branch="false" hits="0"/>
            <line number="40" branch="false" hits="8"/>
            <line number="41" branch="false" hits="8"/>
            <line number="42" branch="false" hits="8"/>
            <line number="43" branch="false" hits="8"/>
            <line number="45" branch="false" hits="0"/>
            <line number="46" branch="false" hits="0"/>
            <line number="47" branch="false" hits="0"/>
            <line number="48" branch="false" hits="0"/>
            <line number="49" branch="false" hits="0"/>
          </lines>
        </class>
        <class name="ViewController" filename="SonarQubeFinal/ViewController.swift" line-rate="0.5714285714285714" branch-rate="1.0000000000000000" complexity="0.0">
          <methods/>
          <lines>
            <line number="12" branch="false" hits="0"/>
            <line number="13" branch="false" hits="0"/>
            <line number="14" branch="false" hits="0"/>
            <line number="18" branch="false" hits="8"/>
            <line number="19" branch="false" hits="8"/>
            <line number="20" branch="false" hits="8"/>
            <line number="21" branch="false" hits="8"/>
          </lines>
        </class>
      </classes>
    </package>
  </packages>
</coverage>
